<?xml version="1.0" encoding="UTF-8"?>
<!-- Generated by org.testng.reporters.JUnitXMLReporter -->
<testsuite ignored="0" hostname="DESKTOP-TOKQ4DC" failures="0" tests="3" name="Saaspe-Department" time="14.608" errors="0" timestamp="2023-12-14T16:03:08 IST">
  <testcase classname="saaspeTestCase.SingleDepartmentOnboarding" name="test1" time="7.894"/>
  <testcase classname="saaspeTestCase.SingleDepartmentOnboarding" name="test2" time="1.039"/>
  <testcase classname="saaspeTestCase.SingleDepartmentOnboarding" name="test3" time="0.602"/>
</testsuite> <!-- Saaspe-Department -->
