<?xml version="1.0" encoding="UTF-8"?>
<!-- Generated by org.testng.reporters.JUnitXMLReporter -->
<testsuite ignored="0" hostname="DESKTOP-TOKQ4DC" failures="0" tests="3" name="Single User Onboarding" time="31.81" errors="0" timestamp="2023-10-24T13:09:58 IST">
  <testcase classname="saaspeTestCase.SingleUserOnboarding" name="userTest1" time="17.221"/>
  <testcase classname="saaspeTestCase.SingleUserOnboarding" name="userTest2" time="1.679"/>
  <testcase classname="saaspeTestCase.SingleUserOnboarding" name="userTest3" time="8.784"/>
</testsuite> <!-- Single User Onboarding -->
