<?xml version="1.0" encoding="UTF-8"?>
<!-- Generated by org.testng.reporters.JUnitXMLReporter -->
<testsuite ignored="0" hostname="DESKTOP-TOKQ4DC" failures="0" tests="3" name="Single User Onboarding" time="33.976" errors="0" timestamp="2023-12-19T17:12:54 IST">
  <testcase classname="saaspeTestCase.SingleUserOnboarding" name="userTest1" time="19.96"/>
  <testcase classname="saaspeTestCase.SingleUserOnboarding" name="userTest2" time="1.705"/>
  <testcase classname="saaspeTestCase.SingleUserOnboarding" name="userTest3" time="8.957"/>
</testsuite> <!-- Single User Onboarding -->
