<?xml version="1.0" encoding="UTF-8"?>
<testng-results ignored="0" total="1" passed="1" failed="0" skipped="0">
  <reporter-output>
  </reporter-output>
  <suite started-at="2023-12-20T16:10:06 IST" name="Default suite" finished-at="2023-12-20T16:10:24 IST" duration-ms="18584">
    <groups>
    </groups>
    <test started-at="2023-12-20T16:10:06 IST" name="Default test" finished-at="2023-12-20T16:10:24 IST" duration-ms="18584">
      <class name="reusableMethodsLibrary.WorkflowUser">
        <test-method is-config="true" signature="launchapp()[pri:0, instance:reusableMethodsLibrary.WorkflowUser@3f6f6701]" started-at="2023-12-20T16:10:06 IST" name="launchapp" finished-at="2023-12-20T16:10:09 IST" duration-ms="3544" status="PASS">
          <reporter-output>
          </reporter-output>
        </test-method> <!-- launchapp -->
        <test-method signature="userLastLogin()[pri:0, instance:reusableMethodsLibrary.WorkflowUser@3f6f6701]" started-at="2023-12-20T16:10:09 IST" name="userLastLogin" finished-at="2023-12-20T16:10:24 IST" duration-ms="14979" status="PASS">
          <reporter-output>
          </reporter-output>
        </test-method> <!-- userLastLogin -->
      </class> <!-- reusableMethodsLibrary.WorkflowUser -->
    </test> <!-- Default test -->
  </suite> <!-- Default suite -->
</testng-results>
