<?xml version="1.0" encoding="UTF-8"?>
<testng-results ignored="0" total="1" passed="1" failed="0" skipped="0">
  <reporter-output>
  </reporter-output>
  <suite started-at="2023-12-12T12:11:12 IST" name="Default suite" finished-at="2023-12-12T12:11:47 IST" duration-ms="34434">
    <groups>
    </groups>
    <test started-at="2023-12-12T12:11:12 IST" name="Default test" finished-at="2023-12-12T12:11:47 IST" duration-ms="34434">
      <class name="reusableMethodsLibrary.ClmContractOnb">
        <test-method is-config="true" signature="launchapp()[pri:0, instance:reusableMethodsLibrary.ClmContractOnb@3f6f6701]" started-at="2023-12-12T12:11:12 IST" name="launchapp" finished-at="2023-12-12T12:11:16 IST" duration-ms="3767" status="PASS">
          <reporter-output>
          </reporter-output>
        </test-method> <!-- launchapp -->
        <test-method signature="contractOnboarding()[pri:0, instance:reusableMethodsLibrary.ClmContractOnb@3f6f6701]" started-at="2023-12-12T12:11:16 IST" name="contractOnboarding" finished-at="2023-12-12T12:11:47 IST" duration-ms="30597" status="PASS">
          <reporter-output>
          </reporter-output>
        </test-method> <!-- contractOnboarding -->
      </class> <!-- reusableMethodsLibrary.ClmContractOnb -->
    </test> <!-- Default test -->
  </suite> <!-- Default suite -->
</testng-results>
